<?xml version="1.0" encoding="UTF-8"?>
<!-- Generated by org.testng.reporters.JUnitXMLReporter -->
<testsuite ignored="0" hostname="PS-SIBISI" failures="0" tests="21" name="Test" time="180.142" errors="0" timestamp="2024-01-18T07:26:01 SAST">
  <testcase classname="testcases.LoginTests" name="verifyEmailFieldFormat" time="0.767"/>
  <testcase classname="testcases.LoginTests" name="verifyEmailFieldFormat" time="0.701"/>
  <testcase classname="testcases.LoginTests" name="verifyEmailFieldFormat" time="0.683"/>
  <testcase classname="testcases.LoginTests" name="verifyLandingPages" time="0.791"/>
  <testcase classname="testcases.LoginTests" name="verifyLandingPages" time="0.746"/>
  <testcase classname="testcases.LoginTests" name="verifyLandingPages" time="5.797"/>
  <testcase classname="testcases.LoginTests" name="verifyLandingPages" time="0.827"/>
  <testcase classname="testcases.LoginTests" name="verifyLandingPages" time="0.752"/>
  <testcase classname="testcases.LoginTests" name="verifyLandingPagesInvalidUser" time="0.675"/>
  <testcase classname="testcases.LoginTests" name="verifyTestUsernamePasswordVisibility" time="0.102"/>
  <testcase classname="testcases.Checkout" name="verifyCheckout" time="2.801"/>
  <testcase classname="testcases.AddToCart" name="verifyAddSingleItem" time="1.024"/>
  <testcase classname="testcases.AddToCart" name="verifyAddingMultipleItems" time="1.455"/>
  <testcase classname="testcases.AddToCart" name="verifyRemoveSingleItemProductPage" time="1.261"/>
  <testcase classname="testcases.AddToCart" name="verifyRemovingMultipleItemsFromCart" time="2.737"/>
  <testcase classname="testcases.AddToCart" name="verifyRemovingMultipleItemsProductPage" time="1.513"/>
  <testcase classname="testcases.AddToCart" name="verifyRemovingSingleItemsFromCart" time="1.995"/>
  <testcase classname="testcases.SortTest" name="verifySorting" time="0.839"/>
  <testcase classname="testcases.SortTest" name="verifySorting" time="1.093"/>
  <testcase classname="testcases.SortTest" name="verifySorting" time="1.031"/>
  <testcase classname="testcases.SortTest" name="verifySorting" time="1.077"/>
</testsuite> <!-- Test -->
