<?xml version="1.0" encoding="UTF-8"?>
<!-- Generated by org.testng.reporters.JUnitXMLReporter -->
<testsuite ignored="0" hostname="PS-SIBISI" failures="0" tests="4" name="Default test" time="36.182" errors="0" timestamp="2024-01-17T17:28:52 SAST">
  <testcase classname="testcases.SaucedemoSortTesting" name="verifySorting" time="0.933"/>
  <testcase classname="testcases.SaucedemoSortTesting" name="verifySorting" time="1.017"/>
  <testcase classname="testcases.SaucedemoSortTesting" name="verifySorting" time="0.935"/>
  <testcase classname="testcases.SaucedemoSortTesting" name="verifySorting" time="1.064"/>
</testsuite> <!-- Default test -->
