<?xml version="1.0" encoding="UTF-8"?>
<!-- Generated by org.testng.reporters.JUnitXMLReporter -->
<testsuite ignored="0" hostname="PS-SIBISI" failures="0" tests="4" name="Default test" time="40.156" errors="0" timestamp="2024-01-20T23:51:23 SAST">
  <testcase classname="testcases.SortTest" name="verifySorting" time="0.757"/>
  <testcase classname="testcases.SortTest" name="verifySorting" time="0.994"/>
  <testcase classname="testcases.SortTest" name="verifySorting" time="0.975"/>
  <testcase classname="testcases.SortTest" name="verifySorting" time="1.004"/>
</testsuite> <!-- Default test -->
