<?xml version="1.0" encoding="UTF-8"?>
<!-- Generated by org.testng.reporters.JUnitXMLReporter -->
<testsuite ignored="0" hostname="PS-SIBISI" failures="0" tests="16" name="ChromeBrowserTest" time="76.602" errors="0" timestamp="2024-01-21T21:09:17 SAST">
  <testcase classname="testcases.LoginTests" name="verifyLoginInvalidCredentials" time="0.499"/>
  <testcase classname="testcases.LoginTests" name="verifyLoginInvalidCredentials" time="0.473"/>
  <testcase classname="testcases.LoginTests" name="verifyLoginInvalidCredentials" time="0.435"/>
  <testcase classname="testcases.LoginTests" name="verfiyLoginValidCredentials" time="0.141"/>
  <testcase classname="testcases.LoginTests" name="verifyLandingPagesInvalidUser" time="0.525"/>
  <testcase classname="testcases.Checkout" name="verifyCheckout" time="2.057"/>
  <testcase classname="testcases.AddToCart" name="verifyAddSingleItem" time="0.759"/>
  <testcase classname="testcases.AddToCart" name="verifyRemoveSingleItemProductPage" time="0.666"/>
  <testcase classname="testcases.AddToCart" name="verifyAddingMultipleItems" time="1.192"/>
  <testcase classname="testcases.AddToCart" name="verifyRemovingMultipleItemsProductPage" time="1.224"/>
  <testcase classname="testcases.AddToCart" name="verifyRemovingSingleItemsFromCart" time="1.174"/>
  <testcase classname="testcases.AddToCart" name="verifyRemovingMultipleItemsFromCart" time="2.337"/>
  <testcase classname="testcases.SortTest" name="verifySorting" time="1.024"/>
  <testcase classname="testcases.SortTest" name="verifySorting" time="4.841"/>
  <testcase classname="testcases.SortTest" name="verifySorting" time="0.682"/>
  <testcase classname="testcases.SortTest" name="verifySorting" time="1.307"/>
</testsuite> <!-- ChromeBrowserTest -->
