<?xml version="1.0" encoding="UTF-8"?>
<!-- Generated by org.testng.reporters.JUnitXMLReporter -->
<testsuite ignored="4" hostname="PS-SIBISI" failures="0" tests="16" name="ChromeBrowserTest" time="58.703" errors="0" timestamp="2024-01-21T11:16:46 SAST">
  <testcase classname="testcases.LoginTests" name="verifyLoginInvalidCredentials" time="0.471"/>
  <testcase classname="testcases.LoginTests" name="verifyLoginInvalidCredentials" time="0.394"/>
  <testcase classname="testcases.LoginTests" name="verifyLoginInvalidCredentials" time="0.456"/>
  <testcase classname="testcases.LoginTests" name="verfiyLoginValidCredentials" time="0.091"/>
  <testcase classname="testcases.LoginTests" name="verifyLandingPagesInvalidUser" time="0.609"/>
  <testcase classname="testcases.Checkout" name="verifyCheckout" time="1.547"/>
  <testcase classname="testcases.AddToCart" name="verifyAddSingleItem" time="0.62"/>
  <testcase classname="testcases.AddToCart" name="verifyRemoveSingleItemProductPage" time="0.683"/>
  <testcase classname="testcases.AddToCart" name="verifyAddingMultipleItems" time="0.915"/>
  <testcase classname="testcases.AddToCart" name="verifyRemovingMultipleItemsProductPage" time="1.096"/>
  <testcase classname="testcases.AddToCart" name="verifyRemovingSingleItemsFromCart" time="0.898"/>
  <testcase classname="testcases.AddToCart" name="verifyRemovingMultipleItemsFromCart" time="1.309"/>
  <testcase classname="testcases.SortTest" name="verifySorting" time="0.586"/>
  <testcase classname="testcases.SortTest" name="verifySorting" time="0.618"/>
  <testcase classname="testcases.SortTest" name="verifySorting" time="0.625"/>
  <testcase classname="testcases.SortTest" name="verifySorting" time="0.631"/>
  <testcase classname="base.TestBase" name="@AfterTest endTestReport" time="0.0">
    <ignored/>
  </testcase> <!-- @AfterTest endTestReport -->
  <testcase classname="base.TestBase" name="@AfterTest endTestReport" time="0.0">
    <ignored/>
  </testcase> <!-- @AfterTest endTestReport -->
  <testcase classname="base.TestBase" name="@AfterTest endTestReport" time="0.0">
    <ignored/>
  </testcase> <!-- @AfterTest endTestReport -->
  <testcase classname="base.TestBase" name="@AfterTest endTestReport" time="0.0">
    <ignored/>
  </testcase> <!-- @AfterTest endTestReport -->
</testsuite> <!-- ChromeBrowserTest -->
