<?xml version="1.0" encoding="UTF-8"?>
<!-- Generated by org.testng.reporters.JUnitXMLReporter -->
<testsuite ignored="4" hostname="PS-SIBISI" failures="0" tests="16" name="FireFoxBrowserTest" time="131.509" errors="0" timestamp="2024-01-21T11:18:57 SAST">
  <testcase classname="testcases.LoginTests" name="verifyLoginInvalidCredentials" time="0.65"/>
  <testcase classname="testcases.LoginTests" name="verifyLoginInvalidCredentials" time="0.641"/>
  <testcase classname="testcases.LoginTests" name="verifyLoginInvalidCredentials" time="0.66"/>
  <testcase classname="testcases.LoginTests" name="verfiyLoginValidCredentials" time="0.116"/>
  <testcase classname="testcases.LoginTests" name="verifyLandingPagesInvalidUser" time="0.654"/>
  <testcase classname="testcases.Checkout" name="verifyCheckout" time="2.848"/>
  <testcase classname="testcases.AddToCart" name="verifyAddSingleItem" time="0.846"/>
  <testcase classname="testcases.AddToCart" name="verifyRemoveSingleItemProductPage" time="1.011"/>
  <testcase classname="testcases.AddToCart" name="verifyAddingMultipleItems" time="1.538"/>
  <testcase classname="testcases.AddToCart" name="verifyRemovingMultipleItemsProductPage" time="2.288"/>
  <testcase classname="testcases.AddToCart" name="verifyRemovingSingleItemsFromCart" time="1.772"/>
  <testcase classname="testcases.AddToCart" name="verifyRemovingMultipleItemsFromCart" time="2.872"/>
  <testcase classname="testcases.SortTest" name="verifySorting" time="0.661"/>
  <testcase classname="testcases.SortTest" name="verifySorting" time="1.0"/>
  <testcase classname="testcases.SortTest" name="verifySorting" time="0.957"/>
  <testcase classname="testcases.SortTest" name="verifySorting" time="0.924"/>
  <testcase classname="base.TestBase" name="@AfterTest endTestReport" time="0.0">
    <ignored/>
  </testcase> <!-- @AfterTest endTestReport -->
  <testcase classname="base.TestBase" name="@AfterTest endTestReport" time="0.0">
    <ignored/>
  </testcase> <!-- @AfterTest endTestReport -->
  <testcase classname="base.TestBase" name="@AfterTest endTestReport" time="0.0">
    <ignored/>
  </testcase> <!-- @AfterTest endTestReport -->
  <testcase classname="base.TestBase" name="@AfterTest endTestReport" time="0.0">
    <ignored/>
  </testcase> <!-- @AfterTest endTestReport -->
</testsuite> <!-- FireFoxBrowserTest -->
