<?xml version="1.0" encoding="UTF-8"?>
<!-- Generated by org.testng.reporters.JUnitXMLReporter -->
<testsuite ignored="0" hostname="PS-SIBISI" failures="0" tests="16" name="FireFoxBrowserTest" time="211.014" errors="0" timestamp="2024-01-21T21:12:48 SAST">
  <testcase classname="testcases.LoginTests" name="verifyLoginInvalidCredentials" time="0.634"/>
  <testcase classname="testcases.LoginTests" name="verifyLoginInvalidCredentials" time="0.606"/>
  <testcase classname="testcases.LoginTests" name="verifyLoginInvalidCredentials" time="0.521"/>
  <testcase classname="testcases.LoginTests" name="verfiyLoginValidCredentials" time="0.184"/>
  <testcase classname="testcases.LoginTests" name="verifyLandingPagesInvalidUser" time="1.112"/>
  <testcase classname="testcases.Checkout" name="verifyCheckout" time="3.48"/>
  <testcase classname="testcases.AddToCart" name="verifyAddSingleItem" time="1.071"/>
  <testcase classname="testcases.AddToCart" name="verifyRemoveSingleItemProductPage" time="1.108"/>
  <testcase classname="testcases.AddToCart" name="verifyAddingMultipleItems" time="1.696"/>
  <testcase classname="testcases.AddToCart" name="verifyRemovingMultipleItemsProductPage" time="2.156"/>
  <testcase classname="testcases.AddToCart" name="verifyRemovingSingleItemsFromCart" time="1.78"/>
  <testcase classname="testcases.AddToCart" name="verifyRemovingMultipleItemsFromCart" time="2.906"/>
  <testcase classname="testcases.SortTest" name="verifySorting" time="0.583"/>
  <testcase classname="testcases.SortTest" name="verifySorting" time="0.971"/>
  <testcase classname="testcases.SortTest" name="verifySorting" time="1.061"/>
  <testcase classname="testcases.SortTest" name="verifySorting" time="1.591"/>
</testsuite> <!-- FireFoxBrowserTest -->
