<?xml version="1.0" encoding="UTF-8"?>
<testng-results ignored="0" total="32" passed="32" failed="0" skipped="0">
  <reporter-output>
  </reporter-output>
  <suite started-at="2024-01-21T11:15:47 SAST" name="SaucedemoModulesCrossPlantFormTestSuite" finished-at="2024-01-21T11:18:57 SAST" duration-ms="190249">
    <groups>
    </groups>
    <test started-at="2024-01-21T11:15:47 SAST" name="ChromeBrowserTest" finished-at="2024-01-21T11:16:46 SAST" duration-ms="58703">
      <class name="testcases.Checkout">
        <test-method is-config="true" signature="setUp(java.lang.String,java.lang.String)[pri:0, instance:testcases.Checkout@2072acb2]" started-at="2024-01-21T11:16:07 SAST" name="setUp" finished-at="2024-01-21T11:16:10 SAST" duration-ms="2903" status="PASS">
          <params>
            <param index="0">
              <value>
                <![CDATA[Chrome]]>
              </value>
            </param>
            <param index="1">
              <value>
                <![CDATA[https://www.saucedemo.com/]]>
              </value>
            </param>
          </params>
          <reporter-output>
          </reporter-output>
        </test-method> <!-- setUp -->
        <test-method signature="verifyCheckout()[pri:11, instance:testcases.Checkout@2072acb2]" started-at="2024-01-21T11:16:10 SAST" name="verifyCheckout" finished-at="2024-01-21T11:16:12 SAST" duration-ms="1547" status="PASS">
          <reporter-output>
          </reporter-output>
        </test-method> <!-- verifyCheckout -->
        <test-method is-config="true" signature="tearDown(org.testng.ITestResult)[pri:0, instance:testcases.Checkout@2072acb2]" started-at="2024-01-21T11:16:12 SAST" name="tearDown" finished-at="2024-01-21T11:16:12 SAST" duration-ms="220" status="PASS">
          <params>
            <param index="0">
              <value>
                <![CDATA[[TestResult name=verifyCheckout status=SUCCESS method=Checkout.verifyCheckout()[pri:11, instance:testcases.Checkout@2072acb2] output={null}]]]>
              </value>
            </param>
          </params>
          <reporter-output>
          </reporter-output>
        </test-method> <!-- tearDown -->
      </class> <!-- testcases.Checkout -->
      <class name="testcases.SortTest">
        <test-method is-config="true" signature="setUp(java.lang.String,java.lang.String)[pri:0, instance:testcases.SortTest@35a9782c]" started-at="2024-01-21T11:16:33 SAST" name="setUp" finished-at="2024-01-21T11:16:35 SAST" duration-ms="2211" status="PASS">
          <params>
            <param index="0">
              <value>
                <![CDATA[Chrome]]>
              </value>
            </param>
            <param index="1">
              <value>
                <![CDATA[https://www.saucedemo.com/]]>
              </value>
            </param>
          </params>
          <reporter-output>
          </reporter-output>
        </test-method> <!-- setUp -->
        <test-method signature="verifySorting(java.lang.String)[pri:12, instance:testcases.SortTest@35a9782c]" started-at="2024-01-21T11:16:35 SAST" name="verifySorting" data-provider="saucedemoTestData" finished-at="2024-01-21T11:16:35 SAST" duration-ms="586" status="PASS">
          <params>
            <param index="0">
              <value>
                <![CDATA[Name (A to Z)]]>
              </value>
            </param>
          </params>
          <reporter-output>
          </reporter-output>
        </test-method> <!-- verifySorting -->
        <test-method is-config="true" signature="tearDown(org.testng.ITestResult)[pri:0, instance:testcases.SortTest@35a9782c]" started-at="2024-01-21T11:16:35 SAST" name="tearDown" finished-at="2024-01-21T11:16:36 SAST" duration-ms="187" status="PASS">
          <params>
            <param index="0">
              <value>
                <![CDATA[[TestResult name=verifySorting status=SUCCESS method=SortTest.verifySorting(java.lang.String)[pri:12, instance:testcases.SortTest@35a9782c] output={null}]]]>
              </value>
            </param>
          </params>
          <reporter-output>
          </reporter-output>
        </test-method> <!-- tearDown -->
        <test-method is-config="true" signature="setUp(java.lang.String,java.lang.String)[pri:0, instance:testcases.SortTest@35a9782c]" started-at="2024-01-21T11:16:36 SAST" name="setUp" finished-at="2024-01-21T11:16:38 SAST" duration-ms="2398" status="PASS">
          <params>
            <param index="0">
              <value>
                <![CDATA[Chrome]]>
              </value>
            </param>
            <param index="1">
              <value>
                <![CDATA[https://www.saucedemo.com/]]>
              </value>
            </param>
          </params>
          <reporter-output>
          </reporter-output>
        </test-method> <!-- setUp -->
        <test-method signature="verifySorting(java.lang.String)[pri:12, instance:testcases.SortTest@35a9782c]" started-at="2024-01-21T11:16:38 SAST" name="verifySorting" data-provider="saucedemoTestData" finished-at="2024-01-21T11:16:39 SAST" duration-ms="618" status="PASS">
          <params>
            <param index="0">
              <value>
                <![CDATA[Name (Z to A)]]>
              </value>
            </param>
          </params>
          <reporter-output>
          </reporter-output>
        </test-method> <!-- verifySorting -->
        <test-method is-config="true" signature="tearDown(org.testng.ITestResult)[pri:0, instance:testcases.SortTest@35a9782c]" started-at="2024-01-21T11:16:39 SAST" name="tearDown" finished-at="2024-01-21T11:16:39 SAST" duration-ms="178" status="PASS">
          <params>
            <param index="0">
              <value>
                <![CDATA[[TestResult name=verifySorting status=SUCCESS method=SortTest.verifySorting(java.lang.String)[pri:12, instance:testcases.SortTest@35a9782c] output={null}]]]>
              </value>
            </param>
          </params>
          <reporter-output>
          </reporter-output>
        </test-method> <!-- tearDown -->
        <test-method is-config="true" signature="setUp(java.lang.String,java.lang.String)[pri:0, instance:testcases.SortTest@35a9782c]" started-at="2024-01-21T11:16:39 SAST" name="setUp" finished-at="2024-01-21T11:16:41 SAST" duration-ms="2587" status="PASS">
          <params>
            <param index="0">
              <value>
                <![CDATA[Chrome]]>
              </value>
            </param>
            <param index="1">
              <value>
                <![CDATA[https://www.saucedemo.com/]]>
              </value>
            </param>
          </params>
          <reporter-output>
          </reporter-output>
        </test-method> <!-- setUp -->
        <test-method signature="verifySorting(java.lang.String)[pri:12, instance:testcases.SortTest@35a9782c]" started-at="2024-01-21T11:16:41 SAST" name="verifySorting" data-provider="saucedemoTestData" finished-at="2024-01-21T11:16:42 SAST" duration-ms="625" status="PASS">
          <params>
            <param index="0">
              <value>
                <![CDATA[Price (low to high)]]>
              </value>
            </param>
          </params>
          <reporter-output>
          </reporter-output>
        </test-method> <!-- verifySorting -->
        <test-method is-config="true" signature="tearDown(org.testng.ITestResult)[pri:0, instance:testcases.SortTest@35a9782c]" started-at="2024-01-21T11:16:42 SAST" name="tearDown" finished-at="2024-01-21T11:16:42 SAST" duration-ms="204" status="PASS">
          <params>
            <param index="0">
              <value>
                <![CDATA[[TestResult name=verifySorting status=SUCCESS method=SortTest.verifySorting(java.lang.String)[pri:12, instance:testcases.SortTest@35a9782c] output={null}]]]>
              </value>
            </param>
          </params>
          <reporter-output>
          </reporter-output>
        </test-method> <!-- tearDown -->
        <test-method is-config="true" signature="setUp(java.lang.String,java.lang.String)[pri:0, instance:testcases.SortTest@35a9782c]" started-at="2024-01-21T11:16:42 SAST" name="setUp" finished-at="2024-01-21T11:16:44 SAST" duration-ms="2281" status="PASS">
          <params>
            <param index="0">
              <value>
                <![CDATA[Chrome]]>
              </value>
            </param>
            <param index="1">
              <value>
                <![CDATA[https://www.saucedemo.com/]]>
              </value>
            </param>
          </params>
          <reporter-output>
          </reporter-output>
        </test-method> <!-- setUp -->
        <test-method signature="verifySorting(java.lang.String)[pri:12, instance:testcases.SortTest@35a9782c]" started-at="2024-01-21T11:16:44 SAST" name="verifySorting" data-provider="saucedemoTestData" finished-at="2024-01-21T11:16:45 SAST" duration-ms="631" status="PASS">
          <params>
            <param index="0">
              <value>
                <![CDATA[Price (high to low)]]>
              </value>
            </param>
          </params>
          <reporter-output>
          </reporter-output>
        </test-method> <!-- verifySorting -->
        <test-method is-config="true" signature="tearDown(org.testng.ITestResult)[pri:0, instance:testcases.SortTest@35a9782c]" started-at="2024-01-21T11:16:45 SAST" name="tearDown" finished-at="2024-01-21T11:16:45 SAST" duration-ms="196" status="PASS">
          <params>
            <param index="0">
              <value>
                <![CDATA[[TestResult name=verifySorting status=SUCCESS method=SortTest.verifySorting(java.lang.String)[pri:12, instance:testcases.SortTest@35a9782c] output={null}]]]>
              </value>
            </param>
          </params>
          <reporter-output>
          </reporter-output>
        </test-method> <!-- tearDown -->
      </class> <!-- testcases.SortTest -->
      <class name="testcases.AddToCart">
        <test-method is-config="true" signature="setUp(java.lang.String,java.lang.String)[pri:0, instance:testcases.AddToCart@50ecde95]" started-at="2024-01-21T11:16:12 SAST" name="setUp" finished-at="2024-01-21T11:16:14 SAST" duration-ms="2532" status="PASS">
          <params>
            <param index="0">
              <value>
                <![CDATA[Chrome]]>
              </value>
            </param>
            <param index="1">
              <value>
                <![CDATA[https://www.saucedemo.com/]]>
              </value>
            </param>
          </params>
          <reporter-output>
          </reporter-output>
        </test-method> <!-- setUp -->
        <test-method signature="verifyAddSingleItem()[pri:5, instance:testcases.AddToCart@50ecde95]" started-at="2024-01-21T11:16:14 SAST" name="verifyAddSingleItem" finished-at="2024-01-21T11:16:15 SAST" duration-ms="620" status="PASS">
          <reporter-output>
          </reporter-output>
        </test-method> <!-- verifyAddSingleItem -->
        <test-method is-config="true" signature="tearDown(org.testng.ITestResult)[pri:0, instance:testcases.AddToCart@50ecde95]" started-at="2024-01-21T11:16:15 SAST" name="tearDown" finished-at="2024-01-21T11:16:15 SAST" duration-ms="197" status="PASS">
          <params>
            <param index="0">
              <value>
                <![CDATA[[TestResult name=verifyAddSingleItem status=SUCCESS method=AddToCart.verifyAddSingleItem()[pri:5, instance:testcases.AddToCart@50ecde95] output={null}]]]>
              </value>
            </param>
          </params>
          <reporter-output>
          </reporter-output>
        </test-method> <!-- tearDown -->
        <test-method is-config="true" signature="setUp(java.lang.String,java.lang.String)[pri:0, instance:testcases.AddToCart@50ecde95]" started-at="2024-01-21T11:16:15 SAST" name="setUp" finished-at="2024-01-21T11:16:17 SAST" duration-ms="2285" status="PASS">
          <params>
            <param index="0">
              <value>
                <![CDATA[Chrome]]>
              </value>
            </param>
            <param index="1">
              <value>
                <![CDATA[https://www.saucedemo.com/]]>
              </value>
            </param>
          </params>
          <reporter-output>
          </reporter-output>
        </test-method> <!-- setUp -->
        <test-method signature="verifyRemoveSingleItemProductPage()[pri:6, instance:testcases.AddToCart@50ecde95]" started-at="2024-01-21T11:16:17 SAST" name="verifyRemoveSingleItemProductPage" finished-at="2024-01-21T11:16:18 SAST" duration-ms="683" status="PASS">
          <reporter-output>
          </reporter-output>
        </test-method> <!-- verifyRemoveSingleItemProductPage -->
        <test-method is-config="true" signature="tearDown(org.testng.ITestResult)[pri:0, instance:testcases.AddToCart@50ecde95]" started-at="2024-01-21T11:16:18 SAST" name="tearDown" finished-at="2024-01-21T11:16:18 SAST" duration-ms="165" status="PASS">
          <params>
            <param index="0">
              <value>
                <![CDATA[[TestResult name=verifyRemoveSingleItemProductPage status=SUCCESS method=AddToCart.verifyRemoveSingleItemProductPage()[pri:6, instance:testcases.AddToCart@50ecde95] output={null}]]]>
              </value>
            </param>
          </params>
          <reporter-output>
          </reporter-output>
        </test-method> <!-- tearDown -->
        <test-method is-config="true" signature="setUp(java.lang.String,java.lang.String)[pri:0, instance:testcases.AddToCart@50ecde95]" started-at="2024-01-21T11:16:18 SAST" name="setUp" finished-at="2024-01-21T11:16:21 SAST" duration-ms="2234" status="PASS">
          <params>
            <param index="0">
              <value>
                <![CDATA[Chrome]]>
              </value>
            </param>
            <param index="1">
              <value>
                <![CDATA[https://www.saucedemo.com/]]>
              </value>
            </param>
          </params>
          <reporter-output>
          </reporter-output>
        </test-method> <!-- setUp -->
        <test-method signature="verifyAddingMultipleItems()[pri:7, instance:testcases.AddToCart@50ecde95]" started-at="2024-01-21T11:16:21 SAST" name="verifyAddingMultipleItems" finished-at="2024-01-21T11:16:21 SAST" duration-ms="915" status="PASS">
          <reporter-output>
          </reporter-output>
        </test-method> <!-- verifyAddingMultipleItems -->
        <test-method is-config="true" signature="tearDown(org.testng.ITestResult)[pri:0, instance:testcases.AddToCart@50ecde95]" started-at="2024-01-21T11:16:21 SAST" name="tearDown" finished-at="2024-01-21T11:16:22 SAST" duration-ms="184" status="PASS">
          <params>
            <param index="0">
              <value>
                <![CDATA[[TestResult name=verifyAddingMultipleItems status=SUCCESS method=AddToCart.verifyAddingMultipleItems()[pri:7, instance:testcases.AddToCart@50ecde95] output={null}]]]>
              </value>
            </param>
          </params>
          <reporter-output>
          </reporter-output>
        </test-method> <!-- tearDown -->
        <test-method is-config="true" signature="setUp(java.lang.String,java.lang.String)[pri:0, instance:testcases.AddToCart@50ecde95]" started-at="2024-01-21T11:16:22 SAST" name="setUp" finished-at="2024-01-21T11:16:24 SAST" duration-ms="2253" status="PASS">
          <params>
            <param index="0">
              <value>
                <![CDATA[Chrome]]>
              </value>
            </param>
            <param index="1">
              <value>
                <![CDATA[https://www.saucedemo.com/]]>
              </value>
            </param>
          </params>
          <reporter-output>
          </reporter-output>
        </test-method> <!-- setUp -->
        <test-method signature="verifyRemovingMultipleItemsProductPage()[pri:8, instance:testcases.AddToCart@50ecde95]" started-at="2024-01-21T11:16:24 SAST" name="verifyRemovingMultipleItemsProductPage" finished-at="2024-01-21T11:16:25 SAST" duration-ms="1096" status="PASS">
          <reporter-output>
          </reporter-output>
        </test-method> <!-- verifyRemovingMultipleItemsProductPage -->
        <test-method is-config="true" signature="tearDown(org.testng.ITestResult)[pri:0, instance:testcases.AddToCart@50ecde95]" started-at="2024-01-21T11:16:25 SAST" name="tearDown" finished-at="2024-01-21T11:16:25 SAST" duration-ms="172" status="PASS">
          <params>
            <param index="0">
              <value>
                <![CDATA[[TestResult name=verifyRemovingMultipleItemsProductPage status=SUCCESS method=AddToCart.verifyRemovingMultipleItemsProductPage()[pri:8, instance:testcases.AddToCart@50ecde95] output={null}]]]>
              </value>
            </param>
          </params>
          <reporter-output>
          </reporter-output>
        </test-method> <!-- tearDown -->
        <test-method is-config="true" signature="setUp(java.lang.String,java.lang.String)[pri:0, instance:testcases.AddToCart@50ecde95]" started-at="2024-01-21T11:16:25 SAST" name="setUp" finished-at="2024-01-21T11:16:27 SAST" duration-ms="2291" status="PASS">
          <params>
            <param index="0">
              <value>
                <![CDATA[Chrome]]>
              </value>
            </param>
            <param index="1">
              <value>
                <![CDATA[https://www.saucedemo.com/]]>
              </value>
            </param>
          </params>
          <reporter-output>
          </reporter-output>
        </test-method> <!-- setUp -->
        <test-method signature="verifyRemovingSingleItemsFromCart()[pri:9, instance:testcases.AddToCart@50ecde95]" started-at="2024-01-21T11:16:27 SAST" name="verifyRemovingSingleItemsFromCart" finished-at="2024-01-21T11:16:28 SAST" duration-ms="898" status="PASS">
          <reporter-output>
          </reporter-output>
        </test-method> <!-- verifyRemovingSingleItemsFromCart -->
        <test-method is-config="true" signature="tearDown(org.testng.ITestResult)[pri:0, instance:testcases.AddToCart@50ecde95]" started-at="2024-01-21T11:16:28 SAST" name="tearDown" finished-at="2024-01-21T11:16:29 SAST" duration-ms="181" status="PASS">
          <params>
            <param index="0">
              <value>
                <![CDATA[[TestResult name=verifyRemovingSingleItemsFromCart status=SUCCESS method=AddToCart.verifyRemovingSingleItemsFromCart()[pri:9, instance:testcases.AddToCart@50ecde95] output={null}]]]>
              </value>
            </param>
          </params>
          <reporter-output>
          </reporter-output>
        </test-method> <!-- tearDown -->
        <test-method is-config="true" signature="setUp(java.lang.String,java.lang.String)[pri:0, instance:testcases.AddToCart@50ecde95]" started-at="2024-01-21T11:16:29 SAST" name="setUp" finished-at="2024-01-21T11:16:31 SAST" duration-ms="2252" status="PASS">
          <params>
            <param index="0">
              <value>
                <![CDATA[Chrome]]>
              </value>
            </param>
            <param index="1">
              <value>
                <![CDATA[https://www.saucedemo.com/]]>
              </value>
            </param>
          </params>
          <reporter-output>
          </reporter-output>
        </test-method> <!-- setUp -->
        <test-method signature="verifyRemovingMultipleItemsFromCart()[pri:10, instance:testcases.AddToCart@50ecde95]" started-at="2024-01-21T11:16:31 SAST" name="verifyRemovingMultipleItemsFromCart" finished-at="2024-01-21T11:16:32 SAST" duration-ms="1309" status="PASS">
          <reporter-output>
          </reporter-output>
        </test-method> <!-- verifyRemovingMultipleItemsFromCart -->
        <test-method is-config="true" signature="tearDown(org.testng.ITestResult)[pri:0, instance:testcases.AddToCart@50ecde95]" started-at="2024-01-21T11:16:32 SAST" name="tearDown" finished-at="2024-01-21T11:16:32 SAST" duration-ms="178" status="PASS">
          <params>
            <param index="0">
              <value>
                <![CDATA[[TestResult name=verifyRemovingMultipleItemsFromCart status=SUCCESS method=AddToCart.verifyRemovingMultipleItemsFromCart()[pri:10, instance:testcases.AddToCart@50ecde95] output={null}]]]>
              </value>
            </param>
          </params>
          <reporter-output>
          </reporter-output>
        </test-method> <!-- tearDown -->
      </class> <!-- testcases.AddToCart -->
      <class name="testcases.LoginTests">
        <test-method is-config="true" signature="setUp(java.lang.String,java.lang.String)[pri:0, instance:testcases.LoginTests@acdb094]" started-at="2024-01-21T11:15:48 SAST" name="setUp" finished-at="2024-01-21T11:15:53 SAST" duration-ms="4803" status="PASS">
          <params>
            <param index="0">
              <value>
                <![CDATA[Chrome]]>
              </value>
            </param>
            <param index="1">
              <value>
                <![CDATA[https://www.saucedemo.com/]]>
              </value>
            </param>
          </params>
          <reporter-output>
          </reporter-output>
        </test-method> <!-- setUp -->
        <test-method signature="verifyLoginInvalidCredentials(java.lang.String,java.lang.String)[pri:1, instance:testcases.LoginTests@acdb094]" started-at="2024-01-21T11:15:53 SAST" name="verifyLoginInvalidCredentials" data-provider="saucedemoTestData" finished-at="2024-01-21T11:15:54 SAST" duration-ms="471" status="PASS">
          <params>
            <param index="0">
              <value>
                <![CDATA[junk junk]]>
              </value>
            </param>
            <param index="1">
              <value>
                <![CDATA[secret_sauce]]>
              </value>
            </param>
          </params>
          <reporter-output>
          </reporter-output>
        </test-method> <!-- verifyLoginInvalidCredentials -->
        <test-method is-config="true" signature="tearDown(org.testng.ITestResult)[pri:0, instance:testcases.LoginTests@acdb094]" started-at="2024-01-21T11:15:54 SAST" name="tearDown" finished-at="2024-01-21T11:15:54 SAST" duration-ms="296" status="PASS">
          <params>
            <param index="0">
              <value>
                <![CDATA[[TestResult name=verifyLoginInvalidCredentials status=SUCCESS method=LoginTests.verifyLoginInvalidCredentials(java.lang.String,java.lang.String)[pri:1, instance:testcases.LoginTests@acdb094] output={null}]]]>
              </value>
            </param>
          </params>
          <reporter-output>
          </reporter-output>
        </test-method> <!-- tearDown -->
        <test-method is-config="true" signature="setUp(java.lang.String,java.lang.String)[pri:0, instance:testcases.LoginTests@acdb094]" started-at="2024-01-21T11:15:54 SAST" name="setUp" finished-at="2024-01-21T11:15:57 SAST" duration-ms="2715" status="PASS">
          <params>
            <param index="0">
              <value>
                <![CDATA[Chrome]]>
              </value>
            </param>
            <param index="1">
              <value>
                <![CDATA[https://www.saucedemo.com/]]>
              </value>
            </param>
          </params>
          <reporter-output>
          </reporter-output>
        </test-method> <!-- setUp -->
        <test-method signature="verifyLoginInvalidCredentials(java.lang.String,java.lang.String)[pri:1, instance:testcases.LoginTests@acdb094]" started-at="2024-01-21T11:15:57 SAST" name="verifyLoginInvalidCredentials" data-provider="saucedemoTestData" finished-at="2024-01-21T11:15:57 SAST" duration-ms="394" status="PASS">
          <params>
            <param index="0">
              <value>
                <![CDATA[Yhg*]]>
              </value>
            </param>
            <param index="1">
              <value>
                <![CDATA[secret_sauce]]>
              </value>
            </param>
          </params>
          <reporter-output>
          </reporter-output>
        </test-method> <!-- verifyLoginInvalidCredentials -->
        <test-method is-config="true" signature="tearDown(org.testng.ITestResult)[pri:0, instance:testcases.LoginTests@acdb094]" started-at="2024-01-21T11:15:57 SAST" name="tearDown" finished-at="2024-01-21T11:15:57 SAST" duration-ms="208" status="PASS">
          <params>
            <param index="0">
              <value>
                <![CDATA[[TestResult name=verifyLoginInvalidCredentials status=SUCCESS method=LoginTests.verifyLoginInvalidCredentials(java.lang.String,java.lang.String)[pri:1, instance:testcases.LoginTests@acdb094] output={null}]]]>
              </value>
            </param>
          </params>
          <reporter-output>
          </reporter-output>
        </test-method> <!-- tearDown -->
        <test-method is-config="true" signature="setUp(java.lang.String,java.lang.String)[pri:0, instance:testcases.LoginTests@acdb094]" started-at="2024-01-21T11:15:57 SAST" name="setUp" finished-at="2024-01-21T11:16:00 SAST" duration-ms="2754" status="PASS">
          <params>
            <param index="0">
              <value>
                <![CDATA[Chrome]]>
              </value>
            </param>
            <param index="1">
              <value>
                <![CDATA[https://www.saucedemo.com/]]>
              </value>
            </param>
          </params>
          <reporter-output>
          </reporter-output>
        </test-method> <!-- setUp -->
        <test-method signature="verifyLoginInvalidCredentials(java.lang.String,java.lang.String)[pri:1, instance:testcases.LoginTests@acdb094]" started-at="2024-01-21T11:16:00 SAST" name="verifyLoginInvalidCredentials" data-provider="saucedemoTestData" finished-at="2024-01-21T11:16:00 SAST" duration-ms="456" status="PASS">
          <params>
            <param index="0">
              <value>
                <![CDATA[nonsense]]>
              </value>
            </param>
            <param index="1">
              <value>
                <![CDATA[secret_sauce]]>
              </value>
            </param>
          </params>
          <reporter-output>
          </reporter-output>
        </test-method> <!-- verifyLoginInvalidCredentials -->
        <test-method is-config="true" signature="tearDown(org.testng.ITestResult)[pri:0, instance:testcases.LoginTests@acdb094]" started-at="2024-01-21T11:16:00 SAST" name="tearDown" finished-at="2024-01-21T11:16:01 SAST" duration-ms="183" status="PASS">
          <params>
            <param index="0">
              <value>
                <![CDATA[[TestResult name=verifyLoginInvalidCredentials status=SUCCESS method=LoginTests.verifyLoginInvalidCredentials(java.lang.String,java.lang.String)[pri:1, instance:testcases.LoginTests@acdb094] output={null}]]]>
              </value>
            </param>
          </params>
          <reporter-output>
          </reporter-output>
        </test-method> <!-- tearDown -->
        <test-method is-config="true" signature="setUp(java.lang.String,java.lang.String)[pri:0, instance:testcases.LoginTests@acdb094]" started-at="2024-01-21T11:16:01 SAST" name="setUp" finished-at="2024-01-21T11:16:03 SAST" duration-ms="2326" status="PASS">
          <params>
            <param index="0">
              <value>
                <![CDATA[Chrome]]>
              </value>
            </param>
            <param index="1">
              <value>
                <![CDATA[https://www.saucedemo.com/]]>
              </value>
            </param>
          </params>
          <reporter-output>
          </reporter-output>
        </test-method> <!-- setUp -->
        <test-method signature="verfiyLoginValidCredentials()[pri:2, instance:testcases.LoginTests@acdb094]" started-at="2024-01-21T11:16:03 SAST" name="verfiyLoginValidCredentials" finished-at="2024-01-21T11:16:03 SAST" duration-ms="91" status="PASS">
          <reporter-output>
          </reporter-output>
        </test-method> <!-- verfiyLoginValidCredentials -->
        <test-method is-config="true" signature="tearDown(org.testng.ITestResult)[pri:0, instance:testcases.LoginTests@acdb094]" started-at="2024-01-21T11:16:03 SAST" name="tearDown" finished-at="2024-01-21T11:16:03 SAST" duration-ms="187" status="PASS">
          <params>
            <param index="0">
              <value>
                <![CDATA[[TestResult name=verfiyLoginValidCredentials status=SUCCESS method=LoginTests.verfiyLoginValidCredentials()[pri:2, instance:testcases.LoginTests@acdb094] output={null}]]]>
              </value>
            </param>
          </params>
          <reporter-output>
          </reporter-output>
        </test-method> <!-- tearDown -->
        <test-method is-config="true" signature="setUp(java.lang.String,java.lang.String)[pri:0, instance:testcases.LoginTests@acdb094]" started-at="2024-01-21T11:16:03 SAST" name="setUp" finished-at="2024-01-21T11:16:06 SAST" duration-ms="3086" status="PASS">
          <params>
            <param index="0">
              <value>
                <![CDATA[Chrome]]>
              </value>
            </param>
            <param index="1">
              <value>
                <![CDATA[https://www.saucedemo.com/]]>
              </value>
            </param>
          </params>
          <reporter-output>
          </reporter-output>
        </test-method> <!-- setUp -->
        <test-method signature="verifyLandingPagesInvalidUser()[pri:3, instance:testcases.LoginTests@acdb094]" started-at="2024-01-21T11:16:06 SAST" name="verifyLandingPagesInvalidUser" finished-at="2024-01-21T11:16:07 SAST" duration-ms="609" status="PASS">
          <reporter-output>
          </reporter-output>
        </test-method> <!-- verifyLandingPagesInvalidUser -->
        <test-method is-config="true" signature="tearDown(org.testng.ITestResult)[pri:0, instance:testcases.LoginTests@acdb094]" started-at="2024-01-21T11:16:07 SAST" name="tearDown" finished-at="2024-01-21T11:16:07 SAST" duration-ms="213" status="PASS">
          <params>
            <param index="0">
              <value>
                <![CDATA[[TestResult name=verifyLandingPagesInvalidUser status=SUCCESS method=LoginTests.verifyLandingPagesInvalidUser()[pri:3, instance:testcases.LoginTests@acdb094] output={null}]]]>
              </value>
            </param>
          </params>
          <reporter-output>
          </reporter-output>
        </test-method> <!-- tearDown -->
        <test-method is-config="true" signature="endTestReport()[pri:0, instance:testcases.LoginTests@acdb094]" started-at="2024-01-21T11:16:45 SAST" name="endTestReport" finished-at="2024-01-21T11:16:46 SAST" duration-ms="413" status="PASS">
          <reporter-output>
          </reporter-output>
        </test-method> <!-- endTestReport -->
      </class> <!-- testcases.LoginTests -->
    </test> <!-- ChromeBrowserTest -->
    <test started-at="2024-01-21T11:16:46 SAST" name="FireFoxBrowserTest" finished-at="2024-01-21T11:18:57 SAST" duration-ms="131509">
      <class name="testcases.Checkout">
        <test-method is-config="true" signature="setUp(java.lang.String,java.lang.String)[pri:0, instance:testcases.Checkout@616fe72b]" started-at="2024-01-21T11:17:22 SAST" name="setUp" finished-at="2024-01-21T11:17:27 SAST" duration-ms="5003" status="PASS">
          <params>
            <param index="0">
              <value>
                <![CDATA[FireFox]]>
              </value>
            </param>
            <param index="1">
              <value>
                <![CDATA[https://www.saucedemo.com/]]>
              </value>
            </param>
          </params>
          <reporter-output>
          </reporter-output>
        </test-method> <!-- setUp -->
        <test-method signature="verifyCheckout()[pri:11, instance:testcases.Checkout@616fe72b]" started-at="2024-01-21T11:17:27 SAST" name="verifyCheckout" finished-at="2024-01-21T11:17:30 SAST" duration-ms="2848" status="PASS">
          <reporter-output>
          </reporter-output>
        </test-method> <!-- verifyCheckout -->
        <test-method is-config="true" signature="tearDown(org.testng.ITestResult)[pri:0, instance:testcases.Checkout@616fe72b]" started-at="2024-01-21T11:17:30 SAST" name="tearDown" finished-at="2024-01-21T11:17:31 SAST" duration-ms="1221" status="PASS">
          <params>
            <param index="0">
              <value>
                <![CDATA[[TestResult name=verifyCheckout status=SUCCESS method=Checkout.verifyCheckout()[pri:11, instance:testcases.Checkout@616fe72b] output={null}]]]>
              </value>
            </param>
          </params>
          <reporter-output>
          </reporter-output>
        </test-method> <!-- tearDown -->
      </class> <!-- testcases.Checkout -->
      <class name="testcases.SortTest">
        <test-method is-config="true" signature="setUp(java.lang.String,java.lang.String)[pri:0, instance:testcases.SortTest@7e7b159b]" started-at="2024-01-21T11:18:23 SAST" name="setUp" finished-at="2024-01-21T11:18:28 SAST" duration-ms="5461" status="PASS">
          <params>
            <param index="0">
              <value>
                <![CDATA[FireFox]]>
              </value>
            </param>
            <param index="1">
              <value>
                <![CDATA[https://www.saucedemo.com/]]>
              </value>
            </param>
          </params>
          <reporter-output>
          </reporter-output>
        </test-method> <!-- setUp -->
        <test-method signature="verifySorting(java.lang.String)[pri:12, instance:testcases.SortTest@7e7b159b]" started-at="2024-01-21T11:18:28 SAST" name="verifySorting" data-provider="saucedemoTestData" finished-at="2024-01-21T11:18:29 SAST" duration-ms="661" status="PASS">
          <params>
            <param index="0">
              <value>
                <![CDATA[Name (A to Z)]]>
              </value>
            </param>
          </params>
          <reporter-output>
          </reporter-output>
        </test-method> <!-- verifySorting -->
        <test-method is-config="true" signature="tearDown(org.testng.ITestResult)[pri:0, instance:testcases.SortTest@7e7b159b]" started-at="2024-01-21T11:18:29 SAST" name="tearDown" finished-at="2024-01-21T11:18:30 SAST" duration-ms="1079" status="PASS">
          <params>
            <param index="0">
              <value>
                <![CDATA[[TestResult name=verifySorting status=SUCCESS method=SortTest.verifySorting(java.lang.String)[pri:12, instance:testcases.SortTest@7e7b159b] output={null}]]]>
              </value>
            </param>
          </params>
          <reporter-output>
          </reporter-output>
        </test-method> <!-- tearDown -->
        <test-method is-config="true" signature="setUp(java.lang.String,java.lang.String)[pri:0, instance:testcases.SortTest@7e7b159b]" started-at="2024-01-21T11:18:30 SAST" name="setUp" finished-at="2024-01-21T11:18:37 SAST" duration-ms="7117" status="PASS">
          <params>
            <param index="0">
              <value>
                <![CDATA[FireFox]]>
              </value>
            </param>
            <param index="1">
              <value>
                <![CDATA[https://www.saucedemo.com/]]>
              </value>
            </param>
          </params>
          <reporter-output>
          </reporter-output>
        </test-method> <!-- setUp -->
        <test-method signature="verifySorting(java.lang.String)[pri:12, instance:testcases.SortTest@7e7b159b]" started-at="2024-01-21T11:18:37 SAST" name="verifySorting" data-provider="saucedemoTestData" finished-at="2024-01-21T11:18:38 SAST" duration-ms="1000" status="PASS">
          <params>
            <param index="0">
              <value>
                <![CDATA[Name (Z to A)]]>
              </value>
            </param>
          </params>
          <reporter-output>
          </reporter-output>
        </test-method> <!-- verifySorting -->
        <test-method is-config="true" signature="tearDown(org.testng.ITestResult)[pri:0, instance:testcases.SortTest@7e7b159b]" started-at="2024-01-21T11:18:38 SAST" name="tearDown" finished-at="2024-01-21T11:18:39 SAST" duration-ms="1226" status="PASS">
          <params>
            <param index="0">
              <value>
                <![CDATA[[TestResult name=verifySorting status=SUCCESS method=SortTest.verifySorting(java.lang.String)[pri:12, instance:testcases.SortTest@7e7b159b] output={null}]]]>
              </value>
            </param>
          </params>
          <reporter-output>
          </reporter-output>
        </test-method> <!-- tearDown -->
        <test-method is-config="true" signature="setUp(java.lang.String,java.lang.String)[pri:0, instance:testcases.SortTest@7e7b159b]" started-at="2024-01-21T11:18:39 SAST" name="setUp" finished-at="2024-01-21T11:18:46 SAST" duration-ms="6201" status="PASS">
          <params>
            <param index="0">
              <value>
                <![CDATA[FireFox]]>
              </value>
            </param>
            <param index="1">
              <value>
                <![CDATA[https://www.saucedemo.com/]]>
              </value>
            </param>
          </params>
          <reporter-output>
          </reporter-output>
        </test-method> <!-- setUp -->
        <test-method signature="verifySorting(java.lang.String)[pri:12, instance:testcases.SortTest@7e7b159b]" started-at="2024-01-21T11:18:46 SAST" name="verifySorting" data-provider="saucedemoTestData" finished-at="2024-01-21T11:18:46 SAST" duration-ms="957" status="PASS">
          <params>
            <param index="0">
              <value>
                <![CDATA[Price (low to high)]]>
              </value>
            </param>
          </params>
          <reporter-output>
          </reporter-output>
        </test-method> <!-- verifySorting -->
        <test-method is-config="true" signature="tearDown(org.testng.ITestResult)[pri:0, instance:testcases.SortTest@7e7b159b]" started-at="2024-01-21T11:18:46 SAST" name="tearDown" finished-at="2024-01-21T11:18:48 SAST" duration-ms="1199" status="PASS">
          <params>
            <param index="0">
              <value>
                <![CDATA[[TestResult name=verifySorting status=SUCCESS method=SortTest.verifySorting(java.lang.String)[pri:12, instance:testcases.SortTest@7e7b159b] output={null}]]]>
              </value>
            </param>
          </params>
          <reporter-output>
          </reporter-output>
        </test-method> <!-- tearDown -->
        <test-method is-config="true" signature="setUp(java.lang.String,java.lang.String)[pri:0, instance:testcases.SortTest@7e7b159b]" started-at="2024-01-21T11:18:48 SAST" name="setUp" finished-at="2024-01-21T11:18:55 SAST" duration-ms="7474" status="PASS">
          <params>
            <param index="0">
              <value>
                <![CDATA[FireFox]]>
              </value>
            </param>
            <param index="1">
              <value>
                <![CDATA[https://www.saucedemo.com/]]>
              </value>
            </param>
          </params>
          <reporter-output>
          </reporter-output>
        </test-method> <!-- setUp -->
        <test-method signature="verifySorting(java.lang.String)[pri:12, instance:testcases.SortTest@7e7b159b]" started-at="2024-01-21T11:18:55 SAST" name="verifySorting" data-provider="saucedemoTestData" finished-at="2024-01-21T11:18:56 SAST" duration-ms="924" status="PASS">
          <params>
            <param index="0">
              <value>
                <![CDATA[Price (high to low)]]>
              </value>
            </param>
          </params>
          <reporter-output>
          </reporter-output>
        </test-method> <!-- verifySorting -->
        <test-method is-config="true" signature="tearDown(org.testng.ITestResult)[pri:0, instance:testcases.SortTest@7e7b159b]" started-at="2024-01-21T11:18:56 SAST" name="tearDown" finished-at="2024-01-21T11:18:57 SAST" duration-ms="1062" status="PASS">
          <params>
            <param index="0">
              <value>
                <![CDATA[[TestResult name=verifySorting status=SUCCESS method=SortTest.verifySorting(java.lang.String)[pri:12, instance:testcases.SortTest@7e7b159b] output={null}]]]>
              </value>
            </param>
          </params>
          <reporter-output>
          </reporter-output>
        </test-method> <!-- tearDown -->
      </class> <!-- testcases.SortTest -->
      <class name="testcases.AddToCart">
        <test-method is-config="true" signature="setUp(java.lang.String,java.lang.String)[pri:0, instance:testcases.AddToCart@37efd131]" started-at="2024-01-21T11:17:31 SAST" name="setUp" finished-at="2024-01-21T11:17:37 SAST" duration-ms="5685" status="PASS">
          <params>
            <param index="0">
              <value>
                <![CDATA[FireFox]]>
              </value>
            </param>
            <param index="1">
              <value>
                <![CDATA[https://www.saucedemo.com/]]>
              </value>
            </param>
          </params>
          <reporter-output>
          </reporter-output>
        </test-method> <!-- setUp -->
        <test-method signature="verifyAddSingleItem()[pri:5, instance:testcases.AddToCart@37efd131]" started-at="2024-01-21T11:17:37 SAST" name="verifyAddSingleItem" finished-at="2024-01-21T11:17:38 SAST" duration-ms="846" status="PASS">
          <reporter-output>
          </reporter-output>
        </test-method> <!-- verifyAddSingleItem -->
        <test-method is-config="true" signature="tearDown(org.testng.ITestResult)[pri:0, instance:testcases.AddToCart@37efd131]" started-at="2024-01-21T11:17:38 SAST" name="tearDown" finished-at="2024-01-21T11:17:39 SAST" duration-ms="1131" status="PASS">
          <params>
            <param index="0">
              <value>
                <![CDATA[[TestResult name=verifyAddSingleItem status=SUCCESS method=AddToCart.verifyAddSingleItem()[pri:5, instance:testcases.AddToCart@37efd131] output={null}]]]>
              </value>
            </param>
          </params>
          <reporter-output>
          </reporter-output>
        </test-method> <!-- tearDown -->
        <test-method is-config="true" signature="setUp(java.lang.String,java.lang.String)[pri:0, instance:testcases.AddToCart@37efd131]" started-at="2024-01-21T11:17:39 SAST" name="setUp" finished-at="2024-01-21T11:17:45 SAST" duration-ms="6580" status="PASS">
          <params>
            <param index="0">
              <value>
                <![CDATA[FireFox]]>
              </value>
            </param>
            <param index="1">
              <value>
                <![CDATA[https://www.saucedemo.com/]]>
              </value>
            </param>
          </params>
          <reporter-output>
          </reporter-output>
        </test-method> <!-- setUp -->
        <test-method signature="verifyRemoveSingleItemProductPage()[pri:6, instance:testcases.AddToCart@37efd131]" started-at="2024-01-21T11:17:45 SAST" name="verifyRemoveSingleItemProductPage" finished-at="2024-01-21T11:17:46 SAST" duration-ms="1011" status="PASS">
          <reporter-output>
          </reporter-output>
        </test-method> <!-- verifyRemoveSingleItemProductPage -->
        <test-method is-config="true" signature="tearDown(org.testng.ITestResult)[pri:0, instance:testcases.AddToCart@37efd131]" started-at="2024-01-21T11:17:46 SAST" name="tearDown" finished-at="2024-01-21T11:17:47 SAST" duration-ms="1155" status="PASS">
          <params>
            <param index="0">
              <value>
                <![CDATA[[TestResult name=verifyRemoveSingleItemProductPage status=SUCCESS method=AddToCart.verifyRemoveSingleItemProductPage()[pri:6, instance:testcases.AddToCart@37efd131] output={null}]]]>
              </value>
            </param>
          </params>
          <reporter-output>
          </reporter-output>
        </test-method> <!-- tearDown -->
        <test-method is-config="true" signature="setUp(java.lang.String,java.lang.String)[pri:0, instance:testcases.AddToCart@37efd131]" started-at="2024-01-21T11:17:47 SAST" name="setUp" finished-at="2024-01-21T11:17:54 SAST" duration-ms="6441" status="PASS">
          <params>
            <param index="0">
              <value>
                <![CDATA[FireFox]]>
              </value>
            </param>
            <param index="1">
              <value>
                <![CDATA[https://www.saucedemo.com/]]>
              </value>
            </param>
          </params>
          <reporter-output>
          </reporter-output>
        </test-method> <!-- setUp -->
        <test-method signature="verifyAddingMultipleItems()[pri:7, instance:testcases.AddToCart@37efd131]" started-at="2024-01-21T11:17:54 SAST" name="verifyAddingMultipleItems" finished-at="2024-01-21T11:17:55 SAST" duration-ms="1538" status="PASS">
          <reporter-output>
          </reporter-output>
        </test-method> <!-- verifyAddingMultipleItems -->
        <test-method is-config="true" signature="tearDown(org.testng.ITestResult)[pri:0, instance:testcases.AddToCart@37efd131]" started-at="2024-01-21T11:17:55 SAST" name="tearDown" finished-at="2024-01-21T11:17:56 SAST" duration-ms="1084" status="PASS">
          <params>
            <param index="0">
              <value>
                <![CDATA[[TestResult name=verifyAddingMultipleItems status=SUCCESS method=AddToCart.verifyAddingMultipleItems()[pri:7, instance:testcases.AddToCart@37efd131] output={null}]]]>
              </value>
            </param>
          </params>
          <reporter-output>
          </reporter-output>
        </test-method> <!-- tearDown -->
        <test-method is-config="true" signature="setUp(java.lang.String,java.lang.String)[pri:0, instance:testcases.AddToCart@37efd131]" started-at="2024-01-21T11:17:56 SAST" name="setUp" finished-at="2024-01-21T11:18:02 SAST" duration-ms="5043" status="PASS">
          <params>
            <param index="0">
              <value>
                <![CDATA[FireFox]]>
              </value>
            </param>
            <param index="1">
              <value>
                <![CDATA[https://www.saucedemo.com/]]>
              </value>
            </param>
          </params>
          <reporter-output>
          </reporter-output>
        </test-method> <!-- setUp -->
        <test-method signature="verifyRemovingMultipleItemsProductPage()[pri:8, instance:testcases.AddToCart@37efd131]" started-at="2024-01-21T11:18:02 SAST" name="verifyRemovingMultipleItemsProductPage" finished-at="2024-01-21T11:18:04 SAST" duration-ms="2288" status="PASS">
          <reporter-output>
          </reporter-output>
        </test-method> <!-- verifyRemovingMultipleItemsProductPage -->
        <test-method is-config="true" signature="tearDown(org.testng.ITestResult)[pri:0, instance:testcases.AddToCart@37efd131]" started-at="2024-01-21T11:18:04 SAST" name="tearDown" finished-at="2024-01-21T11:18:05 SAST" duration-ms="1045" status="PASS">
          <params>
            <param index="0">
              <value>
                <![CDATA[[TestResult name=verifyRemovingMultipleItemsProductPage status=SUCCESS method=AddToCart.verifyRemovingMultipleItemsProductPage()[pri:8, instance:testcases.AddToCart@37efd131] output={null}]]]>
              </value>
            </param>
          </params>
          <reporter-output>
          </reporter-output>
        </test-method> <!-- tearDown -->
        <test-method is-config="true" signature="setUp(java.lang.String,java.lang.String)[pri:0, instance:testcases.AddToCart@37efd131]" started-at="2024-01-21T11:18:05 SAST" name="setUp" finished-at="2024-01-21T11:18:11 SAST" duration-ms="5882" status="PASS">
          <params>
            <param index="0">
              <value>
                <![CDATA[FireFox]]>
              </value>
            </param>
            <param index="1">
              <value>
                <![CDATA[https://www.saucedemo.com/]]>
              </value>
            </param>
          </params>
          <reporter-output>
          </reporter-output>
        </test-method> <!-- setUp -->
        <test-method signature="verifyRemovingSingleItemsFromCart()[pri:9, instance:testcases.AddToCart@37efd131]" started-at="2024-01-21T11:18:11 SAST" name="verifyRemovingSingleItemsFromCart" finished-at="2024-01-21T11:18:13 SAST" duration-ms="1772" status="PASS">
          <reporter-output>
          </reporter-output>
        </test-method> <!-- verifyRemovingSingleItemsFromCart -->
        <test-method is-config="true" signature="tearDown(org.testng.ITestResult)[pri:0, instance:testcases.AddToCart@37efd131]" started-at="2024-01-21T11:18:13 SAST" name="tearDown" finished-at="2024-01-21T11:18:14 SAST" duration-ms="1228" status="PASS">
          <params>
            <param index="0">
              <value>
                <![CDATA[[TestResult name=verifyRemovingSingleItemsFromCart status=SUCCESS method=AddToCart.verifyRemovingSingleItemsFromCart()[pri:9, instance:testcases.AddToCart@37efd131] output={null}]]]>
              </value>
            </param>
          </params>
          <reporter-output>
          </reporter-output>
        </test-method> <!-- tearDown -->
        <test-method is-config="true" signature="setUp(java.lang.String,java.lang.String)[pri:0, instance:testcases.AddToCart@37efd131]" started-at="2024-01-21T11:18:14 SAST" name="setUp" finished-at="2024-01-21T11:18:19 SAST" duration-ms="4878" status="PASS">
          <params>
            <param index="0">
              <value>
                <![CDATA[FireFox]]>
              </value>
            </param>
            <param index="1">
              <value>
                <![CDATA[https://www.saucedemo.com/]]>
              </value>
            </param>
          </params>
          <reporter-output>
          </reporter-output>
        </test-method> <!-- setUp -->
        <test-method signature="verifyRemovingMultipleItemsFromCart()[pri:10, instance:testcases.AddToCart@37efd131]" started-at="2024-01-21T11:18:19 SAST" name="verifyRemovingMultipleItemsFromCart" finished-at="2024-01-21T11:18:22 SAST" duration-ms="2872" status="PASS">
          <reporter-output>
          </reporter-output>
        </test-method> <!-- verifyRemovingMultipleItemsFromCart -->
        <test-method is-config="true" signature="tearDown(org.testng.ITestResult)[pri:0, instance:testcases.AddToCart@37efd131]" started-at="2024-01-21T11:18:22 SAST" name="tearDown" finished-at="2024-01-21T11:18:23 SAST" duration-ms="1187" status="PASS">
          <params>
            <param index="0">
              <value>
                <![CDATA[[TestResult name=verifyRemovingMultipleItemsFromCart status=SUCCESS method=AddToCart.verifyRemovingMultipleItemsFromCart()[pri:10, instance:testcases.AddToCart@37efd131] output={null}]]]>
              </value>
            </param>
          </params>
          <reporter-output>
          </reporter-output>
        </test-method> <!-- tearDown -->
      </class> <!-- testcases.AddToCart -->
      <class name="testcases.LoginTests">
        <test-method is-config="true" signature="setUp(java.lang.String,java.lang.String)[pri:0, instance:testcases.LoginTests@3d97a632]" started-at="2024-01-21T11:16:46 SAST" name="setUp" finished-at="2024-01-21T11:16:53 SAST" duration-ms="6937" status="PASS">
          <params>
            <param index="0">
              <value>
                <![CDATA[FireFox]]>
              </value>
            </param>
            <param index="1">
              <value>
                <![CDATA[https://www.saucedemo.com/]]>
              </value>
            </param>
          </params>
          <reporter-output>
          </reporter-output>
        </test-method> <!-- setUp -->
        <test-method signature="verifyLoginInvalidCredentials(java.lang.String,java.lang.String)[pri:1, instance:testcases.LoginTests@3d97a632]" started-at="2024-01-21T11:16:53 SAST" name="verifyLoginInvalidCredentials" data-provider="saucedemoTestData" finished-at="2024-01-21T11:16:53 SAST" duration-ms="650" status="PASS">
          <params>
            <param index="0">
              <value>
                <![CDATA[junk junk]]>
              </value>
            </param>
            <param index="1">
              <value>
                <![CDATA[secret_sauce]]>
              </value>
            </param>
          </params>
          <reporter-output>
          </reporter-output>
        </test-method> <!-- verifyLoginInvalidCredentials -->
        <test-method is-config="true" signature="tearDown(org.testng.ITestResult)[pri:0, instance:testcases.LoginTests@3d97a632]" started-at="2024-01-21T11:16:53 SAST" name="tearDown" finished-at="2024-01-21T11:16:55 SAST" duration-ms="1199" status="PASS">
          <params>
            <param index="0">
              <value>
                <![CDATA[[TestResult name=verifyLoginInvalidCredentials status=SUCCESS method=LoginTests.verifyLoginInvalidCredentials(java.lang.String,java.lang.String)[pri:1, instance:testcases.LoginTests@3d97a632] output={null}]]]>
              </value>
            </param>
          </params>
          <reporter-output>
          </reporter-output>
        </test-method> <!-- tearDown -->
        <test-method is-config="true" signature="setUp(java.lang.String,java.lang.String)[pri:0, instance:testcases.LoginTests@3d97a632]" started-at="2024-01-21T11:16:55 SAST" name="setUp" finished-at="2024-01-21T11:17:00 SAST" duration-ms="5141" status="PASS">
          <params>
            <param index="0">
              <value>
                <![CDATA[FireFox]]>
              </value>
            </param>
            <param index="1">
              <value>
                <![CDATA[https://www.saucedemo.com/]]>
              </value>
            </param>
          </params>
          <reporter-output>
          </reporter-output>
        </test-method> <!-- setUp -->
        <test-method signature="verifyLoginInvalidCredentials(java.lang.String,java.lang.String)[pri:1, instance:testcases.LoginTests@3d97a632]" started-at="2024-01-21T11:17:00 SAST" name="verifyLoginInvalidCredentials" data-provider="saucedemoTestData" finished-at="2024-01-21T11:17:00 SAST" duration-ms="641" status="PASS">
          <params>
            <param index="0">
              <value>
                <![CDATA[Yhg*]]>
              </value>
            </param>
            <param index="1">
              <value>
                <![CDATA[secret_sauce]]>
              </value>
            </param>
          </params>
          <reporter-output>
          </reporter-output>
        </test-method> <!-- verifyLoginInvalidCredentials -->
        <test-method is-config="true" signature="tearDown(org.testng.ITestResult)[pri:0, instance:testcases.LoginTests@3d97a632]" started-at="2024-01-21T11:17:00 SAST" name="tearDown" finished-at="2024-01-21T11:17:02 SAST" duration-ms="1080" status="PASS">
          <params>
            <param index="0">
              <value>
                <![CDATA[[TestResult name=verifyLoginInvalidCredentials status=SUCCESS method=LoginTests.verifyLoginInvalidCredentials(java.lang.String,java.lang.String)[pri:1, instance:testcases.LoginTests@3d97a632] output={null}]]]>
              </value>
            </param>
          </params>
          <reporter-output>
          </reporter-output>
        </test-method> <!-- tearDown -->
        <test-method is-config="true" signature="setUp(java.lang.String,java.lang.String)[pri:0, instance:testcases.LoginTests@3d97a632]" started-at="2024-01-21T11:17:02 SAST" name="setUp" finished-at="2024-01-21T11:17:07 SAST" duration-ms="5092" status="PASS">
          <params>
            <param index="0">
              <value>
                <![CDATA[FireFox]]>
              </value>
            </param>
            <param index="1">
              <value>
                <![CDATA[https://www.saucedemo.com/]]>
              </value>
            </param>
          </params>
          <reporter-output>
          </reporter-output>
        </test-method> <!-- setUp -->
        <test-method signature="verifyLoginInvalidCredentials(java.lang.String,java.lang.String)[pri:1, instance:testcases.LoginTests@3d97a632]" started-at="2024-01-21T11:17:07 SAST" name="verifyLoginInvalidCredentials" data-provider="saucedemoTestData" finished-at="2024-01-21T11:17:07 SAST" duration-ms="660" status="PASS">
          <params>
            <param index="0">
              <value>
                <![CDATA[nonsense]]>
              </value>
            </param>
            <param index="1">
              <value>
                <![CDATA[secret_sauce]]>
              </value>
            </param>
          </params>
          <reporter-output>
          </reporter-output>
        </test-method> <!-- verifyLoginInvalidCredentials -->
        <test-method is-config="true" signature="tearDown(org.testng.ITestResult)[pri:0, instance:testcases.LoginTests@3d97a632]" started-at="2024-01-21T11:17:07 SAST" name="tearDown" finished-at="2024-01-21T11:17:08 SAST" duration-ms="1116" status="PASS">
          <params>
            <param index="0">
              <value>
                <![CDATA[[TestResult name=verifyLoginInvalidCredentials status=SUCCESS method=LoginTests.verifyLoginInvalidCredentials(java.lang.String,java.lang.String)[pri:1, instance:testcases.LoginTests@3d97a632] output={null}]]]>
              </value>
            </param>
          </params>
          <reporter-output>
          </reporter-output>
        </test-method> <!-- tearDown -->
        <test-method is-config="true" signature="setUp(java.lang.String,java.lang.String)[pri:0, instance:testcases.LoginTests@3d97a632]" started-at="2024-01-21T11:17:08 SAST" name="setUp" finished-at="2024-01-21T11:17:14 SAST" duration-ms="5104" status="PASS">
          <params>
            <param index="0">
              <value>
                <![CDATA[FireFox]]>
              </value>
            </param>
            <param index="1">
              <value>
                <![CDATA[https://www.saucedemo.com/]]>
              </value>
            </param>
          </params>
          <reporter-output>
          </reporter-output>
        </test-method> <!-- setUp -->
        <test-method signature="verfiyLoginValidCredentials()[pri:2, instance:testcases.LoginTests@3d97a632]" started-at="2024-01-21T11:17:14 SAST" name="verfiyLoginValidCredentials" finished-at="2024-01-21T11:17:14 SAST" duration-ms="116" status="PASS">
          <reporter-output>
          </reporter-output>
        </test-method> <!-- verfiyLoginValidCredentials -->
        <test-method is-config="true" signature="tearDown(org.testng.ITestResult)[pri:0, instance:testcases.LoginTests@3d97a632]" started-at="2024-01-21T11:17:14 SAST" name="tearDown" finished-at="2024-01-21T11:17:15 SAST" duration-ms="1286" status="PASS">
          <params>
            <param index="0">
              <value>
                <![CDATA[[TestResult name=verfiyLoginValidCredentials status=SUCCESS method=LoginTests.verfiyLoginValidCredentials()[pri:2, instance:testcases.LoginTests@3d97a632] output={null}]]]>
              </value>
            </param>
          </params>
          <reporter-output>
          </reporter-output>
        </test-method> <!-- tearDown -->
        <test-method is-config="true" signature="setUp(java.lang.String,java.lang.String)[pri:0, instance:testcases.LoginTests@3d97a632]" started-at="2024-01-21T11:17:15 SAST" name="setUp" finished-at="2024-01-21T11:17:20 SAST" duration-ms="5312" status="PASS">
          <params>
            <param index="0">
              <value>
                <![CDATA[FireFox]]>
              </value>
            </param>
            <param index="1">
              <value>
                <![CDATA[https://www.saucedemo.com/]]>
              </value>
            </param>
          </params>
          <reporter-output>
          </reporter-output>
        </test-method> <!-- setUp -->
        <test-method signature="verifyLandingPagesInvalidUser()[pri:3, instance:testcases.LoginTests@3d97a632]" started-at="2024-01-21T11:17:20 SAST" name="verifyLandingPagesInvalidUser" finished-at="2024-01-21T11:17:21 SAST" duration-ms="654" status="PASS">
          <reporter-output>
          </reporter-output>
        </test-method> <!-- verifyLandingPagesInvalidUser -->
        <test-method is-config="true" signature="tearDown(org.testng.ITestResult)[pri:0, instance:testcases.LoginTests@3d97a632]" started-at="2024-01-21T11:17:21 SAST" name="tearDown" finished-at="2024-01-21T11:17:22 SAST" duration-ms="1064" status="PASS">
          <params>
            <param index="0">
              <value>
                <![CDATA[[TestResult name=verifyLandingPagesInvalidUser status=SUCCESS method=LoginTests.verifyLandingPagesInvalidUser()[pri:3, instance:testcases.LoginTests@3d97a632] output={null}]]]>
              </value>
            </param>
          </params>
          <reporter-output>
          </reporter-output>
        </test-method> <!-- tearDown -->
        <test-method is-config="true" signature="endTestReport()[pri:0, instance:testcases.LoginTests@3d97a632]" started-at="2024-01-21T11:18:57 SAST" name="endTestReport" finished-at="2024-01-21T11:18:57 SAST" duration-ms="90" status="PASS">
          <reporter-output>
          </reporter-output>
        </test-method> <!-- endTestReport -->
      </class> <!-- testcases.LoginTests -->
    </test> <!-- FireFoxBrowserTest -->
  </suite> <!-- SaucedemoModulesCrossPlantFormTestSuite -->
</testng-results>
