<?xml version="1.0" encoding="UTF-8"?>
<!-- Generated by org.testng.reporters.JUnitXMLReporter -->
<testsuite ignored="0" hostname="PS-SIBISI" failures="0" tests="20" name="AddToCartTest" time="185.606" errors="0" timestamp="2024-01-18T04:10:38 SAST">
  <testcase classname="testcases.AddToCart" name="verifyAddSingleItem" time="1.128"/>
  <testcase classname="testcases.AddToCart" name="verifyAddingMultipleItems" time="1.775"/>
  <testcase classname="testcases.AddToCart" name="verifyRemoveSingleItemProductPage" time="1.266"/>
  <testcase classname="testcases.AddToCart" name="verifyRemovingMultipleItemsFromCart" time="2.737"/>
  <testcase classname="testcases.AddToCart" name="verifyRemovingMultipleItemsProductPage" time="1.549"/>
  <testcase classname="testcases.AddToCart" name="verifyRemovingSingleItemsFromCart" time="1.86"/>
  <testcase classname="testcases.SaucedemoSortTest" name="verifySorting" time="0.797"/>
  <testcase classname="testcases.SaucedemoSortTest" name="verifySorting" time="0.985"/>
  <testcase classname="testcases.SaucedemoSortTest" name="verifySorting" time="0.985"/>
  <testcase classname="testcases.SaucedemoSortTest" name="verifySorting" time="1.034"/>
  <testcase classname="testcases.SauceDemoLoginTests" name="verifyEmailFieldFormat" time="0.64"/>
  <testcase classname="testcases.SauceDemoLoginTests" name="verifyEmailFieldFormat" time="0.702"/>
  <testcase classname="testcases.SauceDemoLoginTests" name="verifyEmailFieldFormat" time="0.715"/>
  <testcase classname="testcases.SauceDemoLoginTests" name="verifyLandingPages" time="0.745"/>
  <testcase classname="testcases.SauceDemoLoginTests" name="verifyLandingPages" time="0.72"/>
  <testcase classname="testcases.SauceDemoLoginTests" name="verifyLandingPages" time="5.74"/>
  <testcase classname="testcases.SauceDemoLoginTests" name="verifyLandingPages" time="0.735"/>
  <testcase classname="testcases.SauceDemoLoginTests" name="verifyLandingPages" time="0.728"/>
  <testcase classname="testcases.SauceDemoLoginTests" name="verifyLandingPagesInvalidUser" time="0.707"/>
  <testcase classname="testcases.SauceDemoLoginTests" name="verifyTestUsernamePasswordVisibility" time="0.1"/>
</testsuite> <!-- AddToCartTest -->
